11/14/2014 3:21:01 PM	This log contains information about the import schema operation into project 'PropertyMe.Database' on computer 'IBB-PC' by user 'ibb'.
11/14/2014 3:21:01 PM	Import of database schema has started.
11/14/2014 3:21:04 PM	Gathering database options
11/14/2014 3:21:04 PM	Gathering users
11/14/2014 3:21:05 PM	Gathering roles
11/14/2014 3:21:05 PM	Gathering application roles
11/14/2014 3:21:05 PM	Gathering role memberships
11/14/2014 3:21:05 PM	Gathering filegroups
11/14/2014 3:21:05 PM	Gathering full-text catalogs
11/14/2014 3:21:05 PM	Gathering assemblies
11/14/2014 3:21:05 PM	Gathering certificates
11/14/2014 3:21:05 PM	Gathering asymmetric keys
11/14/2014 3:21:05 PM	Gathering symmetric keys
11/14/2014 3:21:05 PM	Gathering encrypted symmetric keys
11/14/2014 3:21:05 PM	Gathering schemas
11/14/2014 3:21:05 PM	Gathering XML schema collections
11/14/2014 3:21:05 PM	Gathering user-defined data types
11/14/2014 3:21:05 PM	Gathering user-defined types
11/14/2014 3:21:05 PM	Gathering table types
11/14/2014 3:21:05 PM	Gathering unique keys for table types
11/14/2014 3:21:05 PM	Gathering primary keys for table types
11/14/2014 3:21:05 PM	Gathering check constraints for table types
11/14/2014 3:21:05 PM	Gathering default constraints for table types
11/14/2014 3:21:05 PM	Gathering partition functions
11/14/2014 3:21:05 PM	Gathering partition schemes
11/14/2014 3:21:05 PM	Gathering functions
11/14/2014 3:21:05 PM	Gathering encrypted functions
11/14/2014 3:21:05 PM	Gathering aggregates
11/14/2014 3:21:05 PM	Gathering procedures
11/14/2014 3:21:05 PM	Gathering encrypted procedures
11/14/2014 3:21:05 PM	Gathering tables
11/14/2014 3:21:05 PM	Gathering primary keys
11/14/2014 3:21:05 PM	Gathering unique constraints
11/14/2014 3:21:05 PM	Gathering foreign keys
11/14/2014 3:21:05 PM	Gathering default constraints
11/14/2014 3:21:05 PM	Gathering check constraints
11/14/2014 3:21:05 PM	Gathering views
11/14/2014 3:21:05 PM	Gathering encrypted views
11/14/2014 3:21:05 PM	Gathering indexes
11/14/2014 3:21:05 PM	Gathering statistics
11/14/2014 3:21:05 PM	Gathering full-text index stoplists
11/14/2014 3:21:05 PM	Gathering full-text indexes
11/14/2014 3:21:05 PM	Gathering spatial indexes
11/14/2014 3:21:05 PM	Gathering XML indexes
11/14/2014 3:21:05 PM	Gathering encrypted triggers
11/14/2014 3:21:05 PM	Gathering triggers
11/14/2014 3:21:05 PM	Gathering encrypted and clr ddl triggers
11/14/2014 3:21:05 PM	Gathering ddl triggers
11/14/2014 3:21:05 PM	Gathering synonyms
11/14/2014 3:21:05 PM	Gathering defaults
11/14/2014 3:21:05 PM	Gathering data constraint uddt bindings
11/14/2014 3:21:05 PM	Gathering rules
11/14/2014 3:21:05 PM	Gathering data constraint uddt bindings
11/14/2014 3:21:05 PM	Gathering message types
11/14/2014 3:21:05 PM	Gathering queues
11/14/2014 3:21:05 PM	Gathering contracts
11/14/2014 3:21:05 PM	Gathering services
11/14/2014 3:21:05 PM	Gathering event notifications
11/14/2014 3:21:05 PM	Gathering remote service bindings
11/14/2014 3:21:05 PM	Gathering broker priorities
11/14/2014 3:21:05 PM	Gathering signatures
11/14/2014 3:21:05 PM	Gathering data compression options
11/14/2014 3:21:05 PM	Gathering extended properties
11/14/2014 3:21:05 PM	Gathering credentials
11/14/2014 3:21:05 PM	Gathering logins
11/14/2014 3:21:05 PM	Gathering server audits
11/14/2014 3:21:05 PM	Finished importing database.
11/14/2014 3:21:05 PM	A summary of the import was saved to the following location: F:\GIT\PropertyME\PropertyMe.Database\Import Schema Logs\PropertyMe.Database_20141114012101.log
11/14/2014 3:21:05 PM	Click Finish to continue...
